{"C:\\_Work\\Helpful\\Asztalrol\\XP-Farm\\my-katas2\\catMouseHard\\src\\catMouseHard.js": {"path":"C:\\_Work\\Helpful\\Asztalrol\\XP-Farm\\my-katas2\\catMouseHard\\src\\catMouseHard.js","statementMap":{"0":{"start":{"line":2,"column":2},"end":{"line":2,"column":36}},"1":{"start":{"line":5,"column":0},"end":{"line":5,"column":30}}},"fnMap":{"0":{"name":"catMouseHard","decl":{"start":{"line":1,"column":9},"end":{"line":1,"column":21}},"loc":{"start":{"line":1,"column":24},"end":{"line":3,"column":1}},"line":1}},"branchMap":{},"s":{"0":1,"1":1},"f":{"0":1},"b":{},"_coverageSchema":"1a1c01bbd47fc00a2c39e90264f33305004495a9","hash":"8c414378e2d82c9e315f48248119cdd31565619f"}
}
